0 info it worked if it ends with ok
1 verbose cli [ 'C:\\Program Files\\nodejs\\node.exe',
1 verbose cli   'C:\\Program Files\\nodejs\\node_modules\\npm\\bin\\npm-cli.js',
1 verbose cli   'run',
1 verbose cli   'dev' ]
2 info using npm@3.10.10
3 info using node@v6.11.0
4 verbose run-script [ 'predev', 'dev', 'postdev' ]
5 info lifecycle react-ssr@1.0.0~predev: react-ssr@1.0.0
6 silly lifecycle react-ssr@1.0.0~predev: no script for predev, continuing
7 info lifecycle react-ssr@1.0.0~dev: react-ssr@1.0.0
8 verbose lifecycle react-ssr@1.0.0~dev: unsafe-perm in lifecycle true
9 verbose lifecycle react-ssr@1.0.0~dev: PATH: C:\Program Files\nodejs\node_modules\npm\bin\node-gyp-bin;C:\Users\mark\Documents\Online\Server Side Rendering with React and Redux - Stephen Grider\server\node_modules\.bin;C:\Program Files\Haskell\bin;C:\Program Files\Haskell Platform\8.0.2-a\lib\extralibs\bin;C:\Program Files\Haskell Platform\8.0.2-a\bin;C:\Perl64\site\bin;C:\Perl64\bin;C:\Program Files\Docker\Docker\Resources\bin;C:\ProgramData\Oracle\Java\javapath;C:\Program Files (x86)\Intel\iCLS Client\;C:\Program Files\Intel\iCLS Client\;C:\WINDOWS\system32;C:\WINDOWS;C:\WINDOWS\System32\Wbem;C:\WINDOWS\System32\WindowsPowerShell\v1.0\;C:\Program Files\Intel\Intel(R) Management Engine Components\DAL;C:\Program Files (x86)\Intel\Intel(R) Management Engine Components\DAL;C:\Program Files\Intel\Intel(R) Management Engine Components\IPT;C:\Program Files (x86)\Intel\Intel(R) Management Engine Components\IPT;C:\Program Files\Lenovo\Fingerprint Manager Pro\;C:\ProgramData\Lenovo\ReadyApps;C:\Program Files (x86)\Heroku\bin;C:\Program Files (x86)\git\cmd;C:\HashiCorp\Vagrant\bin;C:\Program Files\Git\cmd;C:\Program Files\Git\mingw64\bin;C:\Program Files\Git\usr\bin;C:\Program Files\Git LFS;C:\Program Files\MiKTeX 2.9\miktex\bin\x64\;C:\PostgreSQL\pg96\bin;C:\ProgramData\Anaconda3;C:\ProgramData\Anaconda3\Scripts;C:\ProgramData\Anaconda3\Library\bin;C:\Program Files (x86)\Skype\Phone\;C:\Program Files\nodejs\;C:\Program Files\Intel\WiFi\bin\;C:\Program Files\Common Files\Intel\WirelessCommon\;C:\Program Files\Haskell Platform\8.0.2-a\mingw\bin;C:\Program Files (x86)\Brackets\command;C:\Program Files (x86)\sbt\bin;C:\Program Files (x86)\Yarn\bin;C:\ProgramData\chocolatey\bin;;C:\ProgramData\chocolatey\lib\Elixir/bin;C:\WINDOWS\system32;C:\WINDOWS;C:\WINDOWS\System32\Wbem;C:\WINDOWS\System32\WindowsPowerShell\v1.0\;C:\Users\mark\AppData\Roaming\local\bin;C:\Users\mark\AppData\Roaming\cabal\bin;C:\RailsInstaller\Ruby2.1.0\bin;C:\Python27\Scripts;C:\Program Files\Java\jdk1.8.0_77\bin;C:\Program Files\Git\bin;C:\Users\mark\AppData\Local\Microsoft\WindowsApps;C:\Program Files\R\;C:\Users\mark\AppData\Roaming\npm;C:\Program Files\MongoDB\Server\3.4\bin;C:\Program Files\Microsoft VS Code\bin;C:\Users\mark\AppData\Local\Microsoft\WindowsApps;C:\Users\mark\AppData\Local\Yarn\bin;C:\Program Files\erl8.3\bin;
10 verbose lifecycle react-ssr@1.0.0~dev: CWD: C:\Users\mark\Documents\Online\Server Side Rendering with React and Redux - Stephen Grider\server
11 silly lifecycle react-ssr@1.0.0~dev: Args: [ '/d /s /c', 'npm-run-all --parallel dev:*' ]
12 silly lifecycle react-ssr@1.0.0~dev: Returned: code: 1  signal: null
13 info lifecycle react-ssr@1.0.0~dev: Failed to exec dev script
14 verbose stack Error: react-ssr@1.0.0 dev: `npm-run-all --parallel dev:*`
14 verbose stack Exit status 1
14 verbose stack     at EventEmitter.<anonymous> (C:\Program Files\nodejs\node_modules\npm\lib\utils\lifecycle.js:255:16)
14 verbose stack     at emitTwo (events.js:106:13)
14 verbose stack     at EventEmitter.emit (events.js:191:7)
14 verbose stack     at ChildProcess.<anonymous> (C:\Program Files\nodejs\node_modules\npm\lib\utils\spawn.js:40:14)
14 verbose stack     at emitTwo (events.js:106:13)
14 verbose stack     at ChildProcess.emit (events.js:191:7)
14 verbose stack     at maybeClose (internal/child_process.js:891:16)
14 verbose stack     at Process.ChildProcess._handle.onexit (internal/child_process.js:226:5)
15 verbose pkgid react-ssr@1.0.0
16 verbose cwd C:\Users\mark\Documents\Online\Server Side Rendering with React and Redux - Stephen Grider\server
17 error Windows_NT 10.0.16299
18 error argv "C:\\Program Files\\nodejs\\node.exe" "C:\\Program Files\\nodejs\\node_modules\\npm\\bin\\npm-cli.js" "run" "dev"
19 error node v6.11.0
20 error npm  v3.10.10
21 error code ELIFECYCLE
22 error react-ssr@1.0.0 dev: `npm-run-all --parallel dev:*`
22 error Exit status 1
23 error Failed at the react-ssr@1.0.0 dev script 'npm-run-all --parallel dev:*'.
23 error Make sure you have the latest version of node.js and npm installed.
23 error If you do, this is most likely a problem with the react-ssr package,
23 error not with npm itself.
23 error Tell the author that this fails on your system:
23 error     npm-run-all --parallel dev:*
23 error You can get information on how to open an issue for this project with:
23 error     npm bugs react-ssr
23 error Or if that isn't available, you can get their info via:
23 error     npm owner ls react-ssr
23 error There is likely additional logging output above.
24 verbose exit [ 1, true ]
