0 info it worked if it ends with ok
1 verbose cli [ 'C:\\Program Files\\nodejs\\node.exe',
1 verbose cli   'C:\\Program Files\\nodejs\\node_modules\\npm\\bin\\npm-cli.js',
1 verbose cli   'run',
1 verbose cli   'dev' ]
2 info using npm@3.10.10
3 info using node@v6.11.0
4 verbose run-script [ 'predev', 'dev', 'postdev' ]
5 info lifecycle server@1.0.0~predev: server@1.0.0
6 silly lifecycle server@1.0.0~predev: no script for predev, continuing
7 info lifecycle server@1.0.0~dev: server@1.0.0
8 verbose lifecycle server@1.0.0~dev: unsafe-perm in lifecycle true
9 verbose lifecycle server@1.0.0~dev: PATH: C:\Program Files\nodejs\node_modules\npm\bin\node-gyp-bin;C:\Users\mark\Documents\Online\Advanced React and Redux - Stephen Grider\auth\server\node_modules\.bin;C:\Program Files\Haskell\bin;C:\Program Files\Haskell Platform\8.0.2-a\lib\extralibs\bin;C:\Program Files\Haskell Platform\8.0.2-a\bin;C:\Perl64\site\bin;C:\Perl64\bin;C:\Program Files\Docker\Docker\Resources\bin;C:\ProgramData\Oracle\Java\javapath;C:\Program Files (x86)\Intel\iCLS Client\;C:\Program Files\Intel\iCLS Client\;C:\WINDOWS\system32;C:\WINDOWS;C:\WINDOWS\System32\Wbem;C:\WINDOWS\System32\WindowsPowerShell\v1.0\;C:\Program Files\Intel\Intel(R) Management Engine Components\DAL;C:\Program Files (x86)\Intel\Intel(R) Management Engine Components\DAL;C:\Program Files\Intel\Intel(R) Management Engine Components\IPT;C:\Program Files (x86)\Intel\Intel(R) Management Engine Components\IPT;C:\Program Files\Lenovo\Fingerprint Manager Pro\;C:\ProgramData\Lenovo\ReadyApps;C:\Program Files (x86)\Heroku\bin;C:\Program Files (x86)\git\cmd;C:\HashiCorp\Vagrant\bin;C:\Program Files\Git\cmd;C:\Program Files\Git\mingw64\bin;C:\Program Files\Git\usr\bin;C:\Program Files\Git LFS;C:\Program Files\MiKTeX 2.9\miktex\bin\x64\;C:\PostgreSQL\pg96\bin;C:\ProgramData\Anaconda3;C:\ProgramData\Anaconda3\Scripts;C:\ProgramData\Anaconda3\Library\bin;C:\Program Files (x86)\Skype\Phone\;C:\Program Files\nodejs\;C:\Program Files\Intel\WiFi\bin\;C:\Program Files\Common Files\Intel\WirelessCommon\;C:\Program Files\Haskell Platform\8.0.2-a\mingw\bin;C:\Users\mark\AppData\Roaming\local\bin;C:\Users\mark\AppData\Roaming\cabal\bin;C:\RailsInstaller\Ruby2.1.0\bin;C:\Users\mark\AppData\Local\.meteor\;C:\Python27\Scripts;C:\Program Files\Java\jdk1.8.0_77\bin;C:\Program Files\Git\bin;C:\Users\mark\AppData\Local\Microsoft\WindowsApps;C:\Program Files (x86)\Microsoft VS Code\bin;C:\Program Files\R\;C:\Users\mark\AppData\Roaming\npm;C:\Program Files\MongoDB\Server\3.4\bin;
10 verbose lifecycle server@1.0.0~dev: CWD: C:\Users\mark\Documents\Online\Advanced React and Redux - Stephen Grider\auth\server
11 silly lifecycle server@1.0.0~dev: Args: [ '/d /s /c', 'nodemon index.js' ]
12 verbose stack Error: kill ENOSYS
12 verbose stack     at exports._errnoException (util.js:1018:11)
12 verbose stack     at process.kill (internal/process.js:190:13)
12 verbose stack     at process.listener (C:\Program Files\nodejs\node_modules\npm\node_modules\npmlog\node_modules\gauge\node_modules\signal-exit\index.js:86:15)
12 verbose stack     at emitNone (events.js:91:20)
12 verbose stack     at process.emit (events.js:185:7)
12 verbose stack     at processEmit (C:\Program Files\nodejs\node_modules\npm\node_modules\npmlog\node_modules\gauge\node_modules\signal-exit\index.js:146:32)
12 verbose stack     at processEmit (C:\Program Files\nodejs\node_modules\npm\node_modules\npm-registry-client\node_modules\npmlog\node_modules\gauge\node_modules\signal-exit\index.js:146:32)
12 verbose stack     at Signal.wrap.onsignal (internal/process.js:217:44)
13 verbose cwd C:\Users\mark\Documents\Online\Advanced React and Redux - Stephen Grider\auth\server
14 error Windows_NT 10.0.16251
15 error argv "C:\\Program Files\\nodejs\\node.exe" "C:\\Program Files\\nodejs\\node_modules\\npm\\bin\\npm-cli.js" "run" "dev"
16 error node v6.11.0
17 error npm  v3.10.10
18 error code ENOSYS
19 error errno ENOSYS
20 error syscall kill
21 error kill ENOSYS
22 error If you need help, you may report this error at:
22 error     <https://github.com/npm/npm/issues>
23 verbose exit [ 1, true ]
